# Bundle file v0.3
5 95
156.064450 0.0 0.0
-0.059416 -0.051386 -0.996910
0.272539 0.959898 -0.065721
0.960308 -0.275602 -0.043029
1.295590 0.140308 -0.405203
344.901093 0.0 0.0
0.979137 -0.203108 0.006168
-0.196486 -0.954079 -0.226112
0.051810 0.220183 -0.974082
-0.950888 0.710760 -0.574116
123.629737 0.0 0.0
0.778299 -0.242224 -0.579291
-0.253642 -0.965255 0.062832
-0.574383 0.098030 -0.812696
0.004049 0.028132 1.780812
591.848280 0.0 0.0
0.556441 -0.202105 -0.805932
-0.313504 -0.949341 0.021615
-0.769473 0.240636 -0.591613
0.186034 0.251184 0.841125
877.082086 0.0 0.0
0.650870 -0.211677 0.729083
0.351935 0.935050 -0.042705
-0.672689 0.284385 0.683092
-0.511976 -0.285517 -0.770246
0.928463 0.036377 2.740220
136 124 98
4 0 147 146.96 -21.99 4 124 -247.27 3.92 2 124 -85.08 -7.49 3 128 -161.25 -2.22
1.068611 0.384839 2.752671
64 56 43
4 0 181 139.25 -66.09 4 172 -262.01 -40.75 2 194 -95.70 -47.33 3 228 -173.07 -43.77
0.884236 -0.198635 2.829048
159 157 152
5 0 212 159.20 0.37 4 190 -235.72 30.29 1 171 -1.94 8.47 2 167 -74.82 14.43 3 190 -150.53 21.15
0.828491 -0.557662 3.008633
165 164 165
4 0 164 139.54 36.85 4 95 -258.33 69.91 2 132 -92.13 49.18 3 138 -169.19 57.37
0.824402 -0.650968 3.074326
135 135 132
3 0 224 136.18 44.53 4 139 -262.52 78.18 2 172 -94.87 56.57
0.849990 -0.489608 2.987718
123 125 122
4 0 424 157.04 27.59 4 357 -237.76 58.16 1 775 -3.80 32.96 3 368 -152.50 47.23
0.836720 -0.515048 2.987889
94 97 102
3 0 427 146.21 31.82 4 249 -249.96 62.78 3 372 -162.90 51.28
1.158377 0.534985 2.814102
135 130 126
4 0 470 147.91 -84.37 4 461 -262.87 -59.03 2 439 -94.88 -63.13 3 485 -173.03 -60.58
0.911847 -0.038312 2.762957
131 124 99
3 0 568 152.39 -15.20 4 538 -242.69 13.05 2 1120 -80.99 -0.63
0.905756 -0.106214 2.798394
163 163 155
5 0 577 161.21 -8.92 4 552 -232.61 20.02 1 680 -0.05 -0.46 2 1141 -72.66 5.64 3 595 -148.31 11.80
0.838861 -0.393640 2.901461
129 128 129
3 0 609 140.32 22.32 4 355 -257.45 53.03 2 639 -91.93 35.15
0.856803 -0.462371 2.977359
133 131 126
5 0 610 161.65 24.19 4 609 -233.45 54.32 1 1358 0.07 29.27 2 1234 -72.92 36.60 3 1255 -148.38 43.98
0.823080 -0.552538 2.997178
169 166 161
4 0 624 134.08 38.39 4 364 -264.31 70.46 2 1278 -97.51 51.00 3 1298 -174.51 58.86
0.904260 -0.031495 2.747334
78 67 47
5 0 818 143.88 -15.06 4 978 -252.39 12.91 1 1272 -15.13 -6.34 2 1121 -88.46 -0.37 3 1121 -165.19 5.64
0.906326 -0.045569 2.759510
72 62 37
3 0 820 148.97 -14.23 4 540 -246.74 14.13 2 1125 -84.06 0.68
0.899783 -0.057739 2.757722
131 123 101
4 0 827 146.22 -13.05 4 545 -250.20 15.99 2 573 -86.96 3.08 3 1126 -163.28 8.38
0.904497 -0.076397 2.776981
93 88 67
2 0 830 153.62 -11.91 4 988 -241.60 16.72
0.881214 -0.177774 2.810253
78 70 59
5 0 848 153.63 -0.61 4 572 -241.63 28.41 1 1302 -6.76 7.26 2 1165 -79.87 13.48 3 1161 -155.96 19.98
0.874605 -0.212586 2.824464
162 159 154
5 0 858 153.34 3.28 4 1019 -242.35 32.06 1 1312 -6.91 10.48 2 1179 -80.17 16.81 3 1172 -156.43 23.25
0.857726 -0.370511 2.911504
137 136 131
5 0 886 156.28 17.49 4 601 -238.62 47.12 1 1340 -4.47 23.68 2 1213 -77.00 30.10 3 1221 -153.26 37.29
0.862983 -0.391191 2.934121
139 133 120
5 0 889 161.72 18.35 4 602 -232.25 47.87 1 1341 1.13 23.82 2 1214 -71.94 30.53 3 1219 -147.64 37.79
0.852855 -0.539952 3.029488
78 77 72
4 0 919 161.27 30.73 4 1090 -234.02 60.73 2 1251 -73.08 42.20 3 1270 -148.79 49.80
0.847824 -0.650231 3.105977
89 89 91
4 0 927 158.52 39.59 4 635 -236.75 70.21 2 1276 -75.21 50.32 3 1295 -150.91 58.54
0.835473 -0.746368 3.163138
101 99 100
4 0 634 147.11 49.16 4 649 -249.47 81.91 2 684 -84.84 60.07 3 719 -161.78 68.79
0.922378 -0.012440 2.762121
84 80 64
2 0 810 154.52 -18.97 4 970 -240.26 9.15
0.856557 -0.351641 2.896212
73 72 69
4 0 883 153.82 15.85 4 1060 -241.54 46.02 2 1209 -79.75 29.00 3 1212 -155.90 36.35
0.851162 -0.925916 3.325808
115 111 112
2 0 964 155.94 57.18 4 1150 -239.77 89.01
1.007138 0.200170 2.760431
39 38 34
5 0 12 164.92 -43.12 4 17 -233.45 -14.38 1 16 0.42 -31.10 2 24 -72.40 -25.02 3 20 -148.25 -19.94
1.007138 0.200170 2.760431
39 38 34
5 0 13 164.92 -43.12 4 18 -233.45 -14.38 1 17 0.42 -31.10 2 25 -72.40 -25.02 3 21 -148.25 -19.94
0.926114 -0.058237 2.797169
133 129 126
4 0 19 168.29 -14.47 4 19 -224.78 14.47 1 34 5.89 -6.15 2 34 -67.11 -0.10
0.849834 -0.461559 2.966803
116 119 116
5 0 31 155.50 25.50 4 32 -240.06 56.29 1 51 -5.35 31.00 2 46 -77.58 37.10 3 49 -153.99 45.08
1.006472 -0.025252 2.899174
129 116 105
4 0 45 209.54 -23.53 4 54 -188.84 7.64 2 63 -35.61 -6.06 3 67 -109.06 0.10
0.918483 -0.341092 2.980209
96 84 68
3 0 74 196.34 10.05 4 55 -198.14 38.51 3 102 -118.51 29.94
1.263684 0.668074 2.911265
46 42 35
4 0 93 166.71 -96.16 4 73 -243.83 -67.82 2 109 -79.95 -72.19 3 121 -155.94 -69.86
0.936790 0.012809 2.767500
156 152 146
5 0 107 160.36 -21.79 4 53 -232.66 6.73 1 66 -0.70 -11.85 2 64 -72.53 -5.71 3 68 -148.54 -0.09
1.110679 -0.188961 3.171721
122 117 115
2 0 108 248.81 -9.52 4 185 -158.26 18.72
0.956702 -0.233992 2.962750
157 145 132
3 0 109 207.65 -1.64 4 92 -187.67 27.35 3 99 -108.14 19.26
0.892171 -0.435328 3.009211
169 170 165
4 0 111 185.70 18.48 4 134 -209.30 46.39 2 170 -52.86 29.84 3 135 -126.59 37.37
1.339908 0.646557 3.041481
141 140 135
3 0 125 202.96 -96.79 4 162 -213.98 -62.54 1 151 20.45 -75.18
1.186745 0.553523 2.848183
150 147 146
3 0 127 163.24 -84.50 4 168 -249.25 -56.80 3 159 -160.96 -58.86
1.250218 -0.107188 3.337586
59 55 44
3 0 146 263.13 -22.15 4 89 -149.13 9.82 3 130 -72.24 1.91
1.037968 -0.168969 3.044251
119 118 114
4 0 150 232.03 -10.81 4 186 -171.02 18.49 2 165 -19.50 4.21 3 185 -92.99 10.55
0.949086 -0.155096 2.896900
37 27 18
4 0 151 196.43 -8.29 4 128 -197.93 20.33 2 166 -43.72 6.33 3 131 -117.48 12.64
0.879510 -0.820471 3.282226
128 121 113
4 0 167 180.25 44.89 4 138 -213.35 75.10 2 171 -56.30 55.49 3 139 -130.80 63.31
1.422535 0.732165 3.129668
35 32 26
3 0 175 208.20 -102.88 4 161 -209.58 -68.63 1 149 25.64 -80.79
1.315806 0.574398 3.040095
53 54 46
2 0 176 210.00 -90.53 4 167 -207.58 -56.24
0.997792 0.122355 2.792187
106 100 90
5 0 200 177.81 -34.52 4 179 -214.95 -5.39 1 222 13.72 -23.81 2 207 -58.83 -17.00 3 175 -133.21 -11.95
1.014946 0.083884 2.842355
36 29 21
4 0 202 196.29 -32.41 4 180 -197.36 -2.79 2 162 -43.79 -14.94 3 178 -117.28 -9.55
0.975562 0.085385 2.780834
47 43 34
4 0 203 172.40 -30.73 4 181 -220.83 -1.48 2 212 -63.27 -13.60 3 249 -137.81 -8.00
1.604216 1.151834 3.224494
48 31 23
3 0 242 166.76 -129.86 4 216 -233.29 -103.33 2 409 -73.20 -104.37
1.164254 0.536183 2.822274
43 38 35
4 0 246 153.22 -83.60 4 228 -257.64 -57.43 2 269 -90.26 -62.12 3 303 -168.56 -59.01
1.032189 0.127350 2.842065
121 111 101
3 0 277 197.62 -38.41 4 512 -195.38 -7.70 2 521 -42.76 -19.59
1.223151 0.016327 3.214937
56 49 42
3 0 282 254.47 -33.85 4 322 -158.70 -1.49 3 335 -81.34 -8.60
1.223151 0.016327 3.214937
56 49 42
3 0 283 254.47 -33.85 4 323 -158.70 -1.49 3 336 -81.34 -8.60
0.879267 -0.500135 3.037927
118 117 113
5 0 299 178.52 23.67 4 194 -214.46 53.55 1 245 15.36 28.82 2 228 -57.70 35.63 3 657 -132.65 42.26
1.260259 -0.019094 3.296730
163 157 151
3 0 382 258.83 -30.52 4 325 -154.94 1.44 3 338 -77.28 -6.08
1.252250 -0.026971 3.289024
163 157 151
2 0 383 258.83 -30.52 4 326 -154.94 1.44
0.939651 0.096270 2.720370
65 64 52
4 0 384 138.69 -29.99 4 517 -258.66 -2.48 2 529 -93.62 -13.83 3 556 -170.74 -8.46
1.007605 -0.139344 2.976985
127 117 106
3 0 394 219.77 -12.46 4 331 -181.04 17.49 2 567 -28.42 2.86
0.935509 -0.341666 3.006349
144 135 118
4 0 407 204.56 8.08 4 584 -190.36 36.63 2 607 -37.26 21.15 3 628 -111.43 27.19
0.905982 -0.349985 2.967810
70 61 45
4 0 412 188.95 10.52 4 588 -204.50 38.99 2 1197 -49.13 23.12 3 634 -123.23 30.00
0.923716 -0.380951 3.016624
86 77 64
4 0 413 200.85 11.56 4 346 -193.06 40.21 2 334 -40.29 24.38 3 262 -114.04 31.20
0.849990 -0.489608 2.987718
123 125 122
4 0 425 157.04 27.59 4 358 -237.76 58.16 1 776 -3.80 32.96 3 369 -152.50 47.23
0.834871 -0.685183 3.114942
147 140 135
3 0 433 146.94 44.41 4 365 -250.20 77.00 2 674 -85.72 55.49
1.362844 0.740809 3.030693
53 49 44
3 0 463 195.64 -100.36 4 454 -221.07 -67.53 3 474 -136.49 -69.99
1.158377 0.534985 2.814102
135 130 126
4 0 469 147.91 -84.37 4 460 -262.87 -59.03 2 438 -94.88 -63.13 3 484 -173.03 -60.58
1.180778 0.549098 2.840906
149 145 144
4 0 471 162.62 -83.50 4 463 -249.29 -56.13 2 942 -83.94 -61.48 3 951 -161.65 -58.29
1.276502 0.500093 3.017046
153 146 136
3 0 473 210.91 -83.04 4 468 -206.62 -49.24 1 1137 27.21 -63.65
1.190392 0.314286 2.981927
110 108 110
2 0 496 221.02 -65.56 4 892 -188.87 -31.93
1.381400 0.189271 3.361001
73 68 69
2 0 514 256.07 -54.14 4 915 -160.82 -18.94
0.964085 0.032700 2.796130
58 53 47
2 0 556 176.46 -27.59 4 952 -215.46 2.46
0.959234 -0.153370 2.911223
122 115 98
4 0 576 201.28 -9.22 4 333 -192.96 20.06 2 576 -39.79 5.79 3 1130 -113.62 11.80
0.890284 -0.120935 2.785394
125 115 90
3 0 580 150.34 -6.24 4 559 -245.06 22.73 3 1139 -158.38 14.01
0.928219 -0.270090 2.944583
87 72 53
4 0 584 196.24 2.58 4 340 -197.97 31.24 2 329 -44.08 16.01 3 618 -117.89 22.53
0.928219 -0.270090 2.944583
87 72 53
4 0 585 196.24 2.58 4 341 -197.97 31.24 2 330 -44.08 16.01 3 619 -117.89 22.53
0.848868 -0.812730 3.233316
116 117 117
4 0 635 157.27 50.64 4 368 -237.51 81.94 2 688 -75.89 60.96 3 721 -151.66 69.49
0.845750 -0.866694 3.271466
176 176 175
2 0 639 153.87 53.96 4 651 -242.25 86.03
0.846171 -0.855879 3.263671
176 176 175
3 0 640 153.87 53.96 4 652 -242.25 86.03 2 1312 -79.38 64.21
1.349938 0.735865 3.012972
113 110 106
4 0 678 191.51 -101.60 4 830 -224.58 -69.39 1 1115 11.89 -80.53 3 927 -140.28 -71.23
1.377516 0.700279 3.074355
128 123 117
2 0 679 202.47 -101.09 4 835 -215.36 -66.99
1.047535 0.329831 2.749431
51 48 35
4 0 726 146.46 -57.92 4 486 -251.99 -31.97 2 490 -88.18 -39.81 3 518 -165.04 -36.08
1.047535 0.329831 2.749431
51 48 35
4 0 727 146.46 -57.92 4 487 -251.99 -31.97 2 491 -88.18 -39.81 3 519 -165.04 -36.08
1.004350 0.249674 2.728448
87 84 72
3 0 751 141.12 -48.42 4 912 -258.96 -22.76 2 1037 -93.12 -31.12
1.016898 -0.075986 2.949017
133 120 112
3 0 811 217.89 -18.67 4 530 -182.82 10.78 2 549 -30.21 -3.37
0.965635 -0.092703 2.880251
124 114 105
3 0 817 198.06 -15.09 4 979 -196.47 13.94 3 1122 -116.40 6.69
0.885017 -0.180610 2.817860
157 150 143
2 0 846 156.39 -1.15 4 1014 -238.10 27.91
0.885260 -0.232472 2.853914
79 78 73
4 0 856 164.69 3.13 4 1021 -229.72 32.25 2 1178 -70.16 16.77 3 1171 -145.33 23.32
0.950719 -0.303025 3.002046
93 85 72
3 0 862 209.64 5.05 4 1030 -186.24 33.70 3 1182 -106.65 25.19
0.864690 -0.354771 2.910348
85 79 71
3 0 881 160.66 15.27 4 1056 -234.33 45.13 3 1209 -149.65 35.80
0.862078 -0.426252 2.958397
88 83 73
4 0 899 163.72 20.55 4 1071 -230.78 50.74 2 1222 -70.64 33.18 3 1230 -146.26 40.30
0.856500 -0.499076 3.004170
140 139 137
2 0 916 162.50 28.01 4 1088 -232.07 57.94
0.823520 -0.507668 2.964207
77 75 72
4 0 924 132.34 35.24 4 633 -266.93 67.42 2 657 -98.58 47.00 3 1286 -176.38 55.69
0.851415 -0.682963 3.136187
152 147 150
5 0 930 161.40 41.18 4 1108 -233.83 71.91 1 809 1.10 44.32 2 1280 -72.25 51.31 3 1302 -148.26 59.88
0.851584 -0.740831 3.181056
82 77 80
4 0 937 161.33 44.88 4 1116 -233.85 75.83 2 1292 -72.78 55.64 3 1315 -148.55 63.91
1.644949 0.216504 2.367431
77 71 67
2 1 341 65.92 -38.14 2 301 -8.15 -31.44
